d:\work\cppcode\getbtc\getbtc\getbtc\debug\vc140.pdb
d:\work\cppcode\getbtc\getbtc\getbtc\debug\vc140.idb
d:\work\cppcode\getbtc\getbtc\getbtc\debug\ed25519-donna-basepoint-table.obj
d:\work\cppcode\getbtc\getbtc\getbtc\debug\ed25519-donna-impl-base.obj
d:\work\cppcode\getbtc\getbtc\getbtc\debug\ed25519-keccak.obj
d:\work\cppcode\getbtc\getbtc\getbtc\debug\ed25519-sha3.obj
d:\work\cppcode\getbtc\getbtc\getbtc\debug\ed25519.obj
d:\work\cppcode\getbtc\getbtc\getbtc\debug\modm-donna-32bit.obj
d:\work\cppcode\getbtc\getbtc\getbtc\debug\getbtc.obj
d:\work\cppcode\getbtc\getbtc\getbtc\debug\hasher.obj
d:\work\cppcode\getbtc\getbtc\getbtc\debug\hexutils.obj
d:\work\cppcode\getbtc\getbtc\getbtc\debug\hmac.obj
d:\work\cppcode\getbtc\getbtc\getbtc\debug\main.obj
d:\work\cppcode\getbtc\getbtc\getbtc\debug\memzero.obj
d:\work\cppcode\getbtc\getbtc\getbtc\debug\nem.obj
d:\work\cppcode\getbtc\getbtc\getbtc\debug\nist256p1.obj
d:\work\cppcode\getbtc\getbtc\getbtc\debug\pbkdf2.obj
d:\work\cppcode\getbtc\getbtc\getbtc\debug\rand.obj
d:\work\cppcode\getbtc\getbtc\getbtc\debug\ripemd160.obj
d:\work\cppcode\getbtc\getbtc\getbtc\debug\secp256k1.obj
d:\work\cppcode\getbtc\getbtc\getbtc\debug\sha2.obj
d:\work\cppcode\getbtc\getbtc\getbtc\debug\sha3.obj
d:\work\cppcode\getbtc\getbtc\getbtc\debug\aeskey.obj
d:\work\cppcode\getbtc\getbtc\getbtc\debug\aestab.obj
d:\work\cppcode\getbtc\getbtc\getbtc\debug\aes_modes.obj
d:\work\cppcode\getbtc\getbtc\getbtc\debug\base32.obj
d:\work\cppcode\getbtc\getbtc\getbtc\debug\base58.obj
d:\work\cppcode\getbtc\getbtc\getbtc\debug\bech32.obj
d:\work\cppcode\getbtc\getbtc\getbtc\debug\bignum.obj
d:\work\cppcode\getbtc\getbtc\getbtc\debug\bip32.obj
d:\work\cppcode\getbtc\getbtc\getbtc\debug\bip32_bip39.obj
d:\work\cppcode\getbtc\getbtc\getbtc\debug\bip39.obj
d:\work\cppcode\getbtc\getbtc\getbtc\debug\blake256.obj
d:\work\cppcode\getbtc\getbtc\getbtc\debug\blake2b.obj
d:\work\cppcode\getbtc\getbtc\getbtc\debug\blake2s.obj
d:\work\cppcode\getbtc\getbtc\getbtc\debug\cash_addr.obj
d:\work\cppcode\getbtc\getbtc\getbtc\debug\curves.obj
d:\work\cppcode\getbtc\getbtc\getbtc\debug\ecdsa.obj
d:\work\cppcode\getbtc\getbtc\getbtc\debug\curve25519-donna-32bit.obj
d:\work\cppcode\getbtc\getbtc\getbtc\debug\curve25519-donna-helpers.obj
d:\work\cppcode\getbtc\getbtc\getbtc\debug\curve25519-donna-scalarmult-base.obj
d:\work\cppcode\getbtc\getbtc\getbtc\debug\ed25519-donna-32bit-tables.obj
d:\work\cppcode\getbtc\getbtc\getbtc\debug\address.obj
d:\work\cppcode\getbtc\getbtc\getbtc\debug\aescrypt.obj
d:\work\cppcode\getbtc\getbtc\getbtc\debug\vcpkg.applocal.log
d:\work\cppcode\getbtc\getbtc\debug\getbtc.ilk
d:\work\cppcode\getbtc\getbtc\debug\getbtc.exe
d:\work\cppcode\getbtc\getbtc\debug\getbtc.pdb
d:\work\cppcode\getbtc\getbtc\getbtc\debug\getbtc.tlog\cl.command.1.tlog
d:\work\cppcode\getbtc\getbtc\getbtc\debug\getbtc.tlog\cl.read.1.tlog
d:\work\cppcode\getbtc\getbtc\getbtc\debug\getbtc.tlog\cl.write.1.tlog
d:\work\cppcode\getbtc\getbtc\getbtc\debug\getbtc.tlog\getbtc.write.1u.tlog
d:\work\cppcode\getbtc\getbtc\getbtc\debug\getbtc.tlog\link.command.1.tlog
d:\work\cppcode\getbtc\getbtc\getbtc\debug\getbtc.tlog\link.read.1.tlog
d:\work\cppcode\getbtc\getbtc\getbtc\debug\getbtc.tlog\link.write.1.tlog
